<?xml version="1.0" encoding="UTF-8"?>
<testng-results skipped="0" failed="0" ignored="0" total="1" passed="1">
  <reporter-output>
  </reporter-output>
  <suite name="Default suite" duration-ms="21606" started-at="2021-02-26T15:30:06Z" finished-at="2021-02-26T15:30:28Z">
    <groups>
    </groups>
    <test name="Default test" duration-ms="21606" started-at="2021-02-26T15:30:06Z" finished-at="2021-02-26T15:30:28Z">
      <class name="TC001_GET_Request">
        <test-method status="PASS" signature="getWeatherDetails()[pri:0, instance:TC001_GET_Request@59fa1d9b]" name="getWeatherDetails" duration-ms="21528" started-at="2021-02-26T15:30:06Z" finished-at="2021-02-26T15:30:28Z">
          <reporter-output>
          </reporter-output>
        </test-method> <!-- getWeatherDetails -->
      </class> <!-- TC001_GET_Request -->
    </test> <!-- Default test -->
  </suite> <!-- Default suite -->
</testng-results>
